<?xml version="1.0" encoding="UTF-8"?>
<!-- Generated by org.testng.reporters.JUnitXMLReporter -->
<testsuite ignored="0" hostname="DESKTOP-660TC1S" failures="1" tests="1" name="Test" time="17.709" errors="0" timestamp="2025-03-18T11:54:09 IST">
  <testcase classname="practice_Assert.Contact_Assert" name="createcontactWithOrg" time="11.813">
    <failure type="java.lang.AssertionError" message="expected [[ ACC116 ] FB_323 - Organization Information] but found [FB_323]">
      <![CDATA[java.lang.AssertionError: expected [[ ACC116 ] FB_323 - Organization Information] but found [FB_323]
at practice_Assert.Contact_Assert.createcontactWithOrg(Contact_Assert.java:74)
at java.base/java.util.ArrayList.forEach(ArrayList.java:1511)
... Removed 31 stack frames]]>
    </failure>
  </testcase> <!-- createcontactWithOrg -->
</testsuite> <!-- Test -->
