<?xml version="1.0" encoding="UTF-8"?>
<testng-results ignored="0" total="1" passed="1" failed="0" skipped="0">
  <reporter-output>
  </reporter-output>
  <suite started-at="2025-03-25T14:41:54 IST" name="Default suite" finished-at="2025-03-25T14:43:33 IST" duration-ms="98451">
    <groups>
    </groups>
    <test started-at="2025-03-25T14:41:54 IST" name="Default test" finished-at="2025-03-25T14:43:33 IST" duration-ms="98451">
      <class name="com.comcast.crm.contacttest.CreateContactTest">
        <test-method is-config="true" signature="beforesuite()[pri:0, instance:com.comcast.crm.contacttest.CreateContactTest@750e2b97]" started-at="2025-03-25T14:41:54 IST" name="beforesuite" finished-at="2025-03-25T14:41:54 IST" duration-ms="8" status="PASS">
          <reporter-output>
          </reporter-output>
        </test-method> <!-- beforesuite -->
        <test-method is-config="true" signature="beforeclass()[pri:0, instance:com.comcast.crm.contacttest.CreateContactTest@750e2b97]" started-at="2025-03-25T14:41:54 IST" name="beforeclass" finished-at="2025-03-25T14:42:00 IST" duration-ms="5163" status="PASS">
          <reporter-output>
          </reporter-output>
        </test-method> <!-- beforeclass -->
        <test-method is-config="true" signature="beforemethod()[pri:0, instance:com.comcast.crm.contacttest.CreateContactTest@750e2b97]" started-at="2025-03-25T14:42:00 IST" name="beforemethod" finished-at="2025-03-25T14:42:28 IST" duration-ms="28189" status="PASS">
          <reporter-output>
          </reporter-output>
        </test-method> <!-- beforemethod -->
        <test-method signature="createContactTest()[pri:0, instance:com.comcast.crm.contacttest.CreateContactTest@750e2b97]" started-at="2025-03-25T14:42:28 IST" name="createContactTest" finished-at="2025-03-25T14:43:28 IST" duration-ms="60512" status="PASS">
          <reporter-output>
          </reporter-output>
        </test-method> <!-- createContactTest -->
        <test-method is-config="true" signature="aftermethod()[pri:0, instance:com.comcast.crm.contacttest.CreateContactTest@750e2b97]" started-at="2025-03-25T14:43:28 IST" name="aftermethod" finished-at="2025-03-25T14:43:33 IST" duration-ms="4261" status="PASS">
          <reporter-output>
          </reporter-output>
        </test-method> <!-- aftermethod -->
        <test-method is-config="true" signature="afterclass()[pri:0, instance:com.comcast.crm.contacttest.CreateContactTest@750e2b97]" started-at="2025-03-25T14:43:33 IST" name="afterclass" finished-at="2025-03-25T14:43:33 IST" duration-ms="292" status="PASS">
          <reporter-output>
          </reporter-output>
        </test-method> <!-- afterclass -->
        <test-method is-config="true" signature="aftersuite()[pri:0, instance:com.comcast.crm.contacttest.CreateContactTest@750e2b97]" started-at="2025-03-25T14:43:33 IST" name="aftersuite" finished-at="2025-03-25T14:43:33 IST" duration-ms="3" status="PASS">
          <reporter-output>
          </reporter-output>
        </test-method> <!-- aftersuite -->
      </class> <!-- com.comcast.crm.contacttest.CreateContactTest -->
    </test> <!-- Default test -->
  </suite> <!-- Default suite -->
</testng-results>
